<?xml version="1.0" encoding="UTF-8"?>
<!-- Generated by org.testng.reporters.JUnitReportReporter -->
<testsuite hostname="DESKTOP-CML9JAH" failures="0" tests="3" name="testng_DataProvider.FB_DataAccount" time="42.744" errors="0" timestamp="2024-03-28T18:28:38 IST" skipped="0">
  <testcase classname="testng_DataProvider.FB_DataAccount" name="fbDta" time="16.906"/>
  <testcase classname="testng_DataProvider.FB_DataAccount" name="fbDta" time="12.790"/>
  <testcase classname="testng_DataProvider.FB_DataAccount" name="fbDta" time="13.048"/>
</testsuite> <!-- testng_DataProvider.FB_DataAccount -->
