<?xml version="1.0" encoding="UTF-8"?>
<!-- Generated by org.testng.reporters.JUnitReportReporter -->
<testsuite hostname="DESKTOP-CML9JAH" failures="0" tests="1" name="testng_SerialAndParallel.AmazonTest" time="17.322" errors="0" timestamp="2024-03-26T13:03:31 IST" skipped="0">
  <testcase classname="testng_SerialAndParallel.AmazonTest" name="amazontest" time="17.322"/>
</testsuite> <!-- testng_SerialAndParallel.AmazonTest -->
