<?xml version="1.0" encoding="UTF-8"?>
<!-- Generated by org.testng.reporters.JUnitReportReporter -->
<testsuite hostname="DESKTOP-CML9JAH" failures="0" tests="1" name="testngDataProvider_XML.Demosite" time="35.654" errors="0" timestamp="2024-03-30T15:07:06 IST" skipped="0">
  <testcase classname="testngDataProvider_XML.Demosite" name="demosite" time="35.654"/>
</testsuite> <!-- testngDataProvider_XML.Demosite -->
