<?xml version="1.0" encoding="UTF-8"?>
<!-- Generated by org.testng.reporters.JUnitReportReporter -->
<testsuite hostname="DESKTOP-CML9JAH" failures="0" tests="11" name="testNg_Keywords.InvocationCount" time="0.106" errors="0" timestamp="2024-03-24T16:13:34 IST" skipped="0">
  <testcase classname="testNg_Keywords.InvocationCount" name="b" time="0.013">
    <system-out>
      <![CDATA[tc b is running]]>
    </system-out>
  </testcase> <!-- b -->
  <testcase classname="testNg_Keywords.InvocationCount" name="d" time="0.003">
    <system-out>
      <![CDATA[tc d is running]]>
    </system-out>
  </testcase> <!-- d -->
  <testcase classname="testNg_Keywords.InvocationCount" name="b" time="0.024">
    <system-out>
      <![CDATA[tc b is running]]>
    </system-out>
  </testcase> <!-- b -->
  <testcase classname="testNg_Keywords.InvocationCount" name="a" time="0.003">
    <system-out>
      <![CDATA[tc a is running]]>
    </system-out>
  </testcase> <!-- a -->
  <testcase classname="testNg_Keywords.InvocationCount" name="a" time="0.035">
    <system-out>
      <![CDATA[tc a is running]]>
    </system-out>
  </testcase> <!-- a -->
  <testcase classname="testNg_Keywords.InvocationCount" name="d" time="0.001">
    <system-out>
      <![CDATA[tc d is running]]>
    </system-out>
  </testcase> <!-- d -->
  <testcase classname="testNg_Keywords.InvocationCount" name="c" time="0.009">
    <system-out>
      <![CDATA[tc c is running]]>
    </system-out>
  </testcase> <!-- c -->
  <testcase classname="testNg_Keywords.InvocationCount" name="d" time="0.005">
    <system-out>
      <![CDATA[tc d is running]]>
    </system-out>
  </testcase> <!-- d -->
  <testcase classname="testNg_Keywords.InvocationCount" name="a" time="0.004">
    <system-out>
      <![CDATA[tc a is running]]>
    </system-out>
  </testcase> <!-- a -->
  <testcase classname="testNg_Keywords.InvocationCount" name="c" time="0.006">
    <system-out>
      <![CDATA[tc c is running]]>
    </system-out>
  </testcase> <!-- c -->
  <testcase classname="testNg_Keywords.InvocationCount" name="d" time="0.003">
    <system-out>
      <![CDATA[tc d is running]]>
    </system-out>
  </testcase> <!-- d -->
  <system-out>
    <![CDATA[tc a is running
tc a is running
tc a is running
tc b is running
tc b is running
tc c is running
tc c is running
tc d is running
tc d is running
tc d is running
tc d is running]]>
  </system-out>
</testsuite> <!-- testNg_Keywords.InvocationCount -->
