<?xml version="1.0" encoding="UTF-8"?>
<!-- Generated by org.testng.reporters.JUnitReportReporter -->
<testsuite hostname="DESKTOP-CML9JAH" failures="0" tests="2" name="testng_includeExclude_Use.MYclass2" time="0.013" errors="0" timestamp="2024-03-26T12:03:12 IST" skipped="0">
  <testcase classname="testng_includeExclude_Use.MYclass2" name="TC7" time="0.002">
    <system-out>
      <![CDATA[TC7 is running]]>
    </system-out>
  </testcase> <!-- TC7 -->
  <testcase classname="testng_includeExclude_Use.MYclass2" name="TC5" time="0.011">
    <system-out>
      <![CDATA[TC5 is running]]>
    </system-out>
  </testcase> <!-- TC5 -->
  <system-out>
    <![CDATA[TC3 is running
TC1 is running
TC5 is running
TC7 is running]]>
  </system-out>
</testsuite> <!-- testng_includeExclude_Use.MYclass2 -->
