<?xml version="1.0" encoding="UTF-8"?>
<!-- Generated by org.testng.reporters.JUnitReportReporter -->
<testsuite hostname="DESKTOP-CML9JAH" failures="0" tests="4" name="includeExclude_Use.MyClass" time="0.137" errors="0" timestamp="2024-03-26T08:47:48 IST" skipped="0">
  <testcase classname="includeExclude_Use.MyClass" name="TC3" time="0.061">
    <system-out>
      <![CDATA[TC3 is running]]>
    </system-out>
  </testcase> <!-- TC3 -->
  <testcase classname="includeExclude_Use.MyClass" name="TC4" time="0.020">
    <system-out>
      <![CDATA[TC4 is running]]>
    </system-out>
  </testcase> <!-- TC4 -->
  <testcase classname="includeExclude_Use.MyClass" name="TC1" time="0.043">
    <system-out>
      <![CDATA[TC1 is running]]>
    </system-out>
  </testcase> <!-- TC1 -->
  <testcase classname="includeExclude_Use.MyClass" name="TC2" time="0.013">
    <system-out>
      <![CDATA[TC2 is running]]>
    </system-out>
  </testcase> <!-- TC2 -->
  <system-out>
    <![CDATA[TC1 is running
TC2 is running
TC3 is running
TC4 is running]]>
  </system-out>
</testsuite> <!-- includeExclude_Use.MyClass -->
