<?xml version="1.0" encoding="UTF-8"?>
<!-- Generated by org.testng.reporters.JUnitReportReporter -->
<testsuite hostname="DESKTOP-CML9JAH" failures="0" tests="2" name="testNg_Annotations.TestClass1" time="0.028" errors="0" timestamp="2024-03-26T12:54:31 IST" skipped="0">
  <testcase classname="testNg_Annotations.TestClass1" name="TC1" time="0.024">
    <system-out>
      <![CDATA[TC1 IS running]]>
    </system-out>
  </testcase> <!-- TC1 -->
  <testcase classname="testNg_Annotations.TestClass1" name="TC2" time="0.004">
    <system-out>
      <![CDATA[TC2 is running]]>
    </system-out>
  </testcase> <!-- TC2 -->
  <system-out>
    <![CDATA[before suite is running
before class is running
before method is running
TC1 IS running
after method is running
before method is running
TC2 is running
after method is running
after class is running
after suite is running]]>
  </system-out>
</testsuite> <!-- testNg_Annotations.TestClass1 -->
