<?xml version="1.0" encoding="UTF-8"?>
<!-- Generated by org.testng.reporters.JUnitReportReporter -->
<testsuite hostname="DESKTOP-CML9JAH" failures="0" tests="2" name="testng_Groups.Myclass2" time="0.014" errors="0" timestamp="2024-03-26T12:38:56 IST" skipped="0">
  <testcase classname="testng_Groups.Myclass2" name="TC7" time="0.007">
    <system-out>
      <![CDATA[TC7 is running]]>
    </system-out>
  </testcase> <!-- TC7 -->
  <testcase classname="testng_Groups.Myclass2" name="TC5" time="0.007">
    <system-out>
      <![CDATA[TC5 is running]]>
    </system-out>
  </testcase> <!-- TC5 -->
  <system-out>
    <![CDATA[TC1 is running
TC3 is running
TC5 is running
TC7 is running]]>
  </system-out>
</testsuite> <!-- testng_Groups.Myclass2 -->
