<?xml version="1.0" encoding="UTF-8"?>
<!-- Generated by org.testng.reporters.JUnitReportReporter -->
<testsuite hostname="DESKTOP-CML9JAH" failures="0" tests="4" name="tesNg_xml.ExecuteGroup2" time="0.030" errors="0" timestamp="2024-02-22T13:06:36 IST" skipped="0">
  <testcase classname="tesNg_xml.ExecuteGroup2" name="TC5" time="0.019">
    <system-out>
      <![CDATA[TC5 is running]]>
    </system-out>
  </testcase> <!-- TC5 -->
  <testcase classname="tesNg_xml.ExecuteGroup2" name="TC8" time="0.003">
    <system-out>
      <![CDATA[TC8 is running]]>
    </system-out>
  </testcase> <!-- TC8 -->
  <testcase classname="tesNg_xml.ExecuteGroup2" name="TC6" time="0.005">
    <system-out>
      <![CDATA[TC6 is running]]>
    </system-out>
  </testcase> <!-- TC6 -->
  <testcase classname="tesNg_xml.ExecuteGroup2" name="TC7" time="0.003">
    <system-out>
      <![CDATA[TC7 is running]]>
    </system-out>
  </testcase> <!-- TC7 -->
  <system-out>
    <![CDATA[TC5 is running
TC6 is running
TC7 is running
TC8 is running]]>
  </system-out>
</testsuite> <!-- tesNg_xml.ExecuteGroup2 -->
