<?xml version="1.0" encoding="UTF-8"?>
<!-- Generated by org.testng.reporters.JUnitReportReporter -->
<testsuite hostname="DESKTOP-CML9JAH" failures="0" tests="2" name="testngUse_crossBrowserTesting.CBTest" time="92.259" errors="0" timestamp="2024-03-31T16:17:10 IST" skipped="0">
  <testcase classname="testngUse_crossBrowserTesting.CBTest" name="Cb" time="20.481"/>
  <testcase classname="testngUse_crossBrowserTesting.CBTest" name="Cb" time="71.778"/>
</testsuite> <!-- testngUse_crossBrowserTesting.CBTest -->
