<?xml version="1.0" encoding="UTF-8"?>
<!-- Generated by org.testng.reporters.JUnitReportReporter -->
<testsuite hostname="DESKTOP-CML9JAH" failures="0" tests="2" name="testng_Assert.SoftAssert" time="0.060" errors="0" timestamp="2024-03-28T12:44:29 IST" skipped="0">
  <testcase classname="testng_Assert.SoftAssert" name="Tc2" time="0.005"/>
  <testcase classname="testng_Assert.SoftAssert" name="TC1" time="0.055"/>
</testsuite> <!-- testng_Assert.SoftAssert -->
