<?xml version="1.0" encoding="UTF-8"?>
<!-- Generated by org.testng.reporters.JUnitReportReporter -->
<testsuite hostname="DESKTOP-CML9JAH" failures="0" tests="2" name="testNg_Annotations.TestClass2" time="0.030" errors="0" timestamp="2024-03-26T11:50:03 IST" skipped="0">
  <testcase classname="testNg_Annotations.TestClass2" name="TC3" time="0.018">
    <system-out>
      <![CDATA[TC3 IS running]]>
    </system-out>
  </testcase> <!-- TC3 -->
  <testcase classname="testNg_Annotations.TestClass2" name="TC4" time="0.012">
    <system-out>
      <![CDATA[TC4 is running]]>
    </system-out>
  </testcase> <!-- TC4 -->
  <system-out>
    <![CDATA[before suite is running
before test is running
before class is running
before method is running
TC1 IS running
after method is running
before method is running
TC2 is running
after method is running
after class is running
before class is running
before method is running
TC3 IS running
after method is running
before method is running
TC4 is running
after method is running
after class is running
after test is running
after suite is running]]>
  </system-out>
</testsuite> <!-- testNg_Annotations.TestClass2 -->
