<?xml version="1.0" encoding="UTF-8"?>
<!-- Generated by org.testng.reporters.JUnitReportReporter -->
<testsuite hostname="DESKTOP-CML9JAH" failures="0" tests="2" name="testNg_Annotations.PracticeOfAnnotations" time="0.027" errors="0" timestamp="2024-03-26T07:44:30 IST" skipped="0">
  <testcase classname="testNg_Annotations.PracticeOfAnnotations" name="TC2" time="0.005">
    <system-out>
      <![CDATA[validate the userId2-->@test2]]>
    </system-out>
  </testcase> <!-- TC2 -->
  <testcase classname="testNg_Annotations.PracticeOfAnnotations" name="TC" time="0.022">
    <system-out>
      <![CDATA[validate the userId-->@test1]]>
    </system-out>
  </testcase> <!-- TC -->
  <system-out>
    <![CDATA[launch the url-->@beforeClass
enter the password-->@beforeMethod
validate the userId-->@test1
logout is done-->@afterMethod
enter the password-->@beforeMethod
validate the userId2-->@test2
logout is done-->@afterMethod
close the browser-->@afterClass]]>
  </system-out>
</testsuite> <!-- testNg_Annotations.PracticeOfAnnotations -->
