<?xml version="1.0" encoding="UTF-8"?>
<!-- Generated by org.testng.reporters.JUnitReportReporter -->
<testsuite hostname="DESKTOP-CML9JAH" failures="0" tests="2" name="testNg_Annotations.BeforeAfterClass" time="0.025" errors="0" timestamp="2024-03-25T08:59:39 IST" skipped="0">
  <testcase classname="testNg_Annotations.BeforeAfterClass" name="Tc2" time="0.004">
    <system-out>
      <![CDATA[tc2 is running ]]>
    </system-out>
  </testcase> <!-- Tc2 -->
  <testcase classname="testNg_Annotations.BeforeAfterClass" name="Tc1" time="0.021">
    <system-out>
      <![CDATA[tc1 is running ]]>
    </system-out>
  </testcase> <!-- Tc1 -->
  <system-out>
    <![CDATA[browser is launched
before method is running
tc1 is running 
after method is running
before method is running
tc2 is running 
after method is running
browser is closed]]>
  </system-out>
</testsuite> <!-- testNg_Annotations.BeforeAfterClass -->
