<?xml version="1.0" encoding="UTF-8"?>
<!-- Generated by org.testng.reporters.JUnitReportReporter -->
<testsuite hostname="DESKTOP-CML9JAH" failures="0" tests="2" name="testng_Groups.MYclass1" time="0.030" errors="0" timestamp="2024-03-26T12:38:56 IST" skipped="0">
  <testcase classname="testng_Groups.MYclass1" name="TC3" time="0.009">
    <system-out>
      <![CDATA[TC3 is running]]>
    </system-out>
  </testcase> <!-- TC3 -->
  <testcase classname="testng_Groups.MYclass1" name="TC1" time="0.021">
    <system-out>
      <![CDATA[TC1 is running]]>
    </system-out>
  </testcase> <!-- TC1 -->
  <system-out>
    <![CDATA[TC1 is running
TC3 is running
TC5 is running
TC7 is running]]>
  </system-out>
</testsuite> <!-- testng_Groups.MYclass1 -->
