<?xml version="1.0" encoding="UTF-8"?>
<!-- Generated by org.testng.reporters.JUnitReportReporter -->
<testsuite hostname="DESKTOP-CML9JAH" failures="0" tests="3" name="testNg_Keywords.EnabledUse" time="0.028" errors="0" timestamp="2024-03-24T16:38:48 IST" skipped="1">
  <testcase classname="testNg_Keywords.EnabledUse" name="a" time="0.024">
    <system-out>
      <![CDATA[tc a is running]]>
    </system-out>
  </testcase> <!-- a -->
  <testcase classname="testNg_Keywords.EnabledUse" name="b" time="0.004">
    <system-out>
      <![CDATA[tc b is running]]>
    </system-out>
  </testcase> <!-- b -->
  <testcase classname="testNg_Keywords.EnabledUse" name="c">
    <skipped/>
  </testcase> <!-- c -->
  <system-out>
    <![CDATA[tc a is running
tc b is running]]>
  </system-out>
</testsuite> <!-- testNg_Keywords.EnabledUse -->
