<?xml version="1.0" encoding="UTF-8"?>
<!-- Generated by org.testng.reporters.JUnitReportReporter -->
<testsuite hostname="DESKTOP-CML9JAH" failures="0" tests="3" name="testNg_Keywords.DependsOnMethod" time="0.070" errors="0" timestamp="2024-03-24T17:01:45 IST" skipped="0">
  <testcase classname="testNg_Keywords.DependsOnMethod" name="couponCode" time="0.059">
    <system-out>
      <![CDATA[coupon code has applied]]>
    </system-out>
  </testcase> <!-- couponCode -->
  <testcase classname="testNg_Keywords.DependsOnMethod" name="discount" time="0.003">
    <system-out>
      <![CDATA[20% discount has applied]]>
    </system-out>
  </testcase> <!-- discount -->
  <testcase classname="testNg_Keywords.DependsOnMethod" name="payment" time="0.008">
    <system-out>
      <![CDATA[payment is done]]>
    </system-out>
  </testcase> <!-- payment -->
  <system-out>
    <![CDATA[coupon code has applied
20% discount has applied
payment is done]]>
  </system-out>
</testsuite> <!-- testNg_Keywords.DependsOnMethod -->
