<?xml version="1.0" encoding="UTF-8"?>
<!-- Generated by org.testng.reporters.JUnitReportReporter -->
<testsuite hostname="DESKTOP-CML9JAH" failures="0" tests="1" name="testng_SerialAndParallel.FlipcartTest" time="8.966" errors="0" timestamp="2024-03-26T13:03:31 IST" skipped="0">
  <testcase classname="testng_SerialAndParallel.FlipcartTest" name="flipcartTest" time="8.966"/>
</testsuite> <!-- testng_SerialAndParallel.FlipcartTest -->
