<?xml version="1.0" encoding="UTF-8"?>
<!-- Generated by org.testng.reporters.JUnitReportReporter -->
<testsuite hostname="DESKTOP-CML9JAH" failures="0" tests="2" name="testNg_Keywords.PriorityKeyword" time="0.028" errors="0" timestamp="2024-03-24T16:59:26 IST" skipped="0">
  <testcase classname="testNg_Keywords.PriorityKeyword" name="b" time="0.025">
    <system-out>
      <![CDATA[TC b is running]]>
    </system-out>
  </testcase> <!-- b -->
  <testcase classname="testNg_Keywords.PriorityKeyword" name="a" time="0.003">
    <system-out>
      <![CDATA[TC a is running]]>
    </system-out>
  </testcase> <!-- a -->
  <system-out>
    <![CDATA[TC b is running
TC a is running]]>
  </system-out>
</testsuite> <!-- testNg_Keywords.PriorityKeyword -->
