<?xml version="1.0" encoding="UTF-8"?>
<!-- Generated by org.testng.reporters.JUnitReportReporter -->
<testsuite hostname="DESKTOP-CML9JAH" failures="0" tests="2" name="testNg_Annotations.BeforeAfterAnnotations" time="0.100" errors="0" timestamp="2024-03-25T08:45:41 IST" skipped="0">
  <testcase classname="testNg_Annotations.BeforeAfterAnnotations" name="testMethod2" time="0.008">
    <system-out>
      <![CDATA[test method 2 is running]]>
    </system-out>
  </testcase> <!-- testMethod2 -->
  <testcase classname="testNg_Annotations.BeforeAfterAnnotations" name="testMethod1" time="0.092">
    <system-out>
      <![CDATA[test method 1 is running]]>
    </system-out>
  </testcase> <!-- testMethod1 -->
  <system-out>
    <![CDATA[launching the browser
test method 1 is running
closing the browser
launching the browser
test method 2 is running
closing the browser]]>
  </system-out>
</testsuite> <!-- testNg_Annotations.BeforeAfterAnnotations -->
